<?xml version="1.0" encoding="UTF-8"?>
<!-- Generated by org.testng.reporters.JUnitReportReporter -->
<testsuite skipped="0" hostname="SEZAIPC" name="com.selenium.N11TestDemo.N11DemoTest1" tests="1" failures="0" timestamp="15 Aug 2018 11:58:10 GMT" time="12.474" errors="0">
  <testcase name="N11Test1" time="12.474" classname="com.selenium.N11TestDemo.N11DemoTest1"/>
</testsuite> <!-- com.selenium.N11TestDemo.N11DemoTest1 -->
